16:57:55.755 INFO - Launching a standalone Selenium Server
16:57:55.780 INFO - Java: Oracle Corporation 25.65-b01
16:57:55.780 INFO - OS: Mac OS X 10.10.4 x86_64
16:57:55.788 INFO - v2.48.0, with Core v2.48.0. Built from revision 41bccdd
16:57:55.835 INFO - Driver provider org.openqa.selenium.ie.InternetExplorerDriver registration is skipped:
registration capabilities Capabilities [{ensureCleanSession=true, browserName=internet explorer, version=, platform=WINDOWS}] does not match the current platform MAC
16:57:55.835 INFO - Driver provider org.openqa.selenium.edge.EdgeDriver registration is skipped:
registration capabilities Capabilities [{browserName=MicrosoftEdge, version=, platform=WINDOWS}] does not match the current platform MAC
16:57:55.835 INFO - Driver class not found: com.opera.core.systems.OperaDriver
16:57:55.835 INFO - Driver provider com.opera.core.systems.OperaDriver is not registered
16:57:55.891 INFO - RemoteWebDriver instances should connect to: http://127.0.0.1:4444/wd/hub
16:57:55.891 INFO - Selenium Server is up and running
16:57:56.067 INFO - Executing: [new session: Capabilities [{acceptSslCerts=true, name=Beta Redirect, browserName=firefox, javascriptEnabled=true, platform=ANY}]])
16:57:56.075 INFO - Creating a new session for Capabilities [{acceptSslCerts=true, name=Beta Redirect, browserName=firefox, javascriptEnabled=true, platform=ANY}]
16:57:57.887 INFO - Done: [new session: Capabilities [{acceptSslCerts=true, name=Beta Redirect, browserName=firefox, javascriptEnabled=true, platform=ANY}]]
16:57:57.898 INFO - Executing: [get: http://tallyspot.com/])
16:58:01.762 INFO - Done: [get: http://tallyspot.com/]
16:58:04.769 INFO - Executing: [get current url])
16:58:04.776 INFO - Done: [get current url]
16:58:04.779 INFO - Executing: [delete session: eed2966b-1a41-41f5-95d8-b56e57c06ece])
16:58:04.846 INFO - Done: [delete session: eed2966b-1a41-41f5-95d8-b56e57c06ece]
16:58:04.973 INFO - Executing: [new session: Capabilities [{acceptSslCerts=true, name=Main, browserName=firefox, javascriptEnabled=true, platform=ANY}]])
16:58:04.982 INFO - Creating a new session for Capabilities [{acceptSslCerts=true, name=Main, browserName=firefox, javascriptEnabled=true, platform=ANY}]
16:58:05.081 INFO - Executing: [new session: Capabilities [{acceptSslCerts=true, name=Staging, browserName=firefox, javascriptEnabled=true, platform=ANY}]])
16:58:05.082 INFO - Creating a new session for Capabilities [{acceptSslCerts=true, name=Staging, browserName=firefox, javascriptEnabled=true, platform=ANY}]
16:58:06.499 INFO - Done: [new session: Capabilities [{acceptSslCerts=true, name=Main, browserName=firefox, javascriptEnabled=true, platform=ANY}]]
16:58:09.320 INFO - Done: [new session: Capabilities [{acceptSslCerts=true, name=Staging, browserName=firefox, javascriptEnabled=true, platform=ANY}]]
16:58:09.324 INFO - Executing: [get current url])
16:58:09.340 INFO - Done: [get current url]
16:58:09.344 INFO - Executing: [delete session: a46eba57-92cf-475f-8f85-acf89535cd57])
16:58:09.413 INFO - Done: [delete session: a46eba57-92cf-475f-8f85-acf89535cd57]
16:58:09.532 INFO - Executing: [new session: Capabilities [{acceptSslCerts=true, name=Start, browserName=firefox, javascriptEnabled=true, platform=ANY}]])
16:58:09.533 INFO - Creating a new session for Capabilities [{acceptSslCerts=true, name=Start, browserName=firefox, javascriptEnabled=true, platform=ANY}]
16:58:11.001 INFO - Done: [new session: Capabilities [{acceptSslCerts=true, name=Start, browserName=firefox, javascriptEnabled=true, platform=ANY}]]
16:58:11.004 INFO - Executing: [get: http://staging.tallyspot.com/])
16:58:12.249 INFO - Done: [get: http://staging.tallyspot.com/]
16:58:12.252 INFO - Executing: [find element: By.cssSelector: #start])
16:58:12.309 INFO - Done: [find element: By.cssSelector: #start]
16:58:12.311 INFO - Executing: [submit: 0 [[FirefoxDriver: firefox on MAC (27f0a1e7-be12-9446-91af-bc2813d679e6)] -> css selector: #start]])
16:58:12.352 INFO - Done: [submit: 0 [[FirefoxDriver: firefox on MAC (27f0a1e7-be12-9446-91af-bc2813d679e6)] -> css selector: #start]]
16:58:12.355 INFO - Executing: [get current url])
16:58:12.464 INFO - Done: [get current url]
16:58:12.468 INFO - Executing: [delete session: a4d9efa4-c11e-49b4-87aa-9d9b067a6e07])
16:58:12.535 INFO - Done: [delete session: a4d9efa4-c11e-49b4-87aa-9d9b067a6e07]
16:58:12.654 INFO - Executing: [new session: Capabilities [{acceptSslCerts=true, name=Title, browserName=firefox, javascriptEnabled=true, platform=ANY}]])
16:58:12.655 INFO - Creating a new session for Capabilities [{acceptSslCerts=true, name=Title, browserName=firefox, javascriptEnabled=true, platform=ANY}]
16:58:14.092 INFO - Done: [new session: Capabilities [{acceptSslCerts=true, name=Title, browserName=firefox, javascriptEnabled=true, platform=ANY}]]
16:58:14.097 INFO - Executing: [get: http://tallyspot.com/])
16:58:14.856 INFO - Done: [get: http://tallyspot.com/]
16:58:14.860 INFO - Executing: [get title])
16:58:15.995 INFO - Done: [get title]
16:58:15.998 INFO - Executing: [delete session: 174cc072-ccfd-4ce8-a16c-5bf85c1c115e])
16:58:16.064 INFO - Done: [delete session: 174cc072-ccfd-4ce8-a16c-5bf85c1c115e]
